<?xml version="1.0" encoding="UTF-8"?>
<!-- Generated by org.testng.reporters.JUnitReportReporter -->
<testsuite hostname="DESKTOP-FM5QVT6" failures="0" tests="8" name="MyTestCases" time="20.624" errors="0" timestamp="2024-10-28T21:35:26 GMT+03:00" skipped="0">
  <testcase classname="MyTestCases" name="CheckTheEnglishLanguageIsDefault" time="5.832"/>
  <system-out/>
  <testcase classname="MyTestCases" name="CheckTheDefaultCurrensyIsSAR" time="0.601"/>
  <system-out/>
  <testcase classname="MyTestCases" name="CheckPhoneNambur" time="0.157"/>
  <system-out/>
  <testcase classname="MyTestCases" name="CheckQitafLogo" time="0.199"/>
  <system-out/>
  <testcase classname="MyTestCases" name="CheckHotelTabIsNotSelect" time="0.139"/>
  <system-out/>
  <testcase classname="MyTestCases" name="CheckDepatureDate" time="0.122"/>
  <system-out/>
  <testcase classname="MyTestCases" name="CheckReturnDate" time="0.193"/>
  <system-out/>
  <testcase classname="MyTestCases" name="RandomlyChangeLanguage" time="13.381"/>
  <system-out/>
</testsuite> <!-- MyTestCases -->
