<?xml version="1.0" encoding="UTF-8"?>
<!-- Generated by org.testng.reporters.JUnitReportReporter -->
<testsuite hostname="DESKTOP-FM5QVT6" failures="0" tests="10" name="MyTestCases" time="296.879" errors="0" timestamp="2024-11-13T17:07:13 GMT+03:00" skipped="1">
  <testcase classname="MyTestCases" name="CheckTheEnglishLanguageIsDefault" time="5.869"/>
  <system-out/>
  <testcase classname="MyTestCases" name="CheckTheDefaultCurrensyIsSAR" time="0.725"/>
  <system-out/>
  <testcase classname="MyTestCases" name="CheckPhoneNambur" time="0.133"/>
  <system-out/>
  <testcase classname="MyTestCases" name="CheckQitafLogo" time="0.207"/>
  <system-out/>
  <testcase classname="MyTestCases" name="CheckDepatureDate" time="0.137"/>
  <system-out/>
  <testcase classname="MyTestCases" name="CheckReturnDate" time="0.184"/>
  <system-out/>
  <testcase classname="MyTestCases" name="RandomlyChangeLanguage" time="133.978"/>
  <system-out/>
  <testcase classname="MyTestCases" name="CheckThatThePageIsFullyLoaded" time="0.179"/>
  <system-out/>
  <testcase classname="MyTestCases" name="CheckTheSortOption" time="155.467"/>
  <system-out/>
  <testcase classname="MyTestCases" name="CheckHotelTabIsNotSelect">
    <skipped/>
  </testcase> <!-- CheckHotelTabIsNotSelect -->
  <system-out/>
</testsuite> <!-- MyTestCases -->
