<?xml version="1.0" encoding="UTF-8"?>
<!-- Generated by org.testng.reporters.JUnitReportReporter -->
<testsuite hostname="DESKTOP-FM5QVT6" failures="0" tests="4" name="MyTestCases" time="3.239" errors="0" timestamp="2024-10-24T00:07:42 GMT+03:00" skipped="0">
  <testcase classname="MyTestCases" name="CheckTheEnglishLanguageIsDefault" time="0.179"/>
  <system-out/>
  <testcase classname="MyTestCases" name="CheckTheDefaultCurrensyIsSAR" time="0.171"/>
  <system-out/>
  <testcase classname="MyTestCases" name="CheckPhoneNambur" time="2.436"/>
  <system-out/>
  <testcase classname="MyTestCases" name="CheckQitafLogo" time="0.453"/>
  <system-out/>
</testsuite> <!-- MyTestCases -->
