<?xml version="1.0" encoding="UTF-8"?>
<!-- Generated by org.testng.reporters.JUnitReportReporter -->
<testsuite hostname="DESKTOP-FM5QVT6" failures="0" tests="5" name="MyTestCases" time="1.719" errors="0" timestamp="2024-10-27T22:57:37 GMT+03:00" skipped="0">
  <testcase classname="MyTestCases" name="CheckTheEnglishLanguageIsDefault" time="0.257"/>
  <system-out/>
  <testcase classname="MyTestCases" name="CheckTheDefaultCurrensyIsSAR" time="0.210"/>
  <system-out/>
  <testcase classname="MyTestCases" name="CheckPhoneNambur" time="0.162"/>
  <system-out/>
  <testcase classname="MyTestCases" name="CheckQitafLogo" time="1.078"/>
  <system-out/>
  <testcase classname="MyTestCases" name="vg" time="0.012"/>
  <system-out/>
</testsuite> <!-- MyTestCases -->
