<?xml version="1.0" encoding="UTF-8"?>
<!-- Generated by org.testng.reporters.JUnitReportReporter -->
<testsuite hostname="DESKTOP-FM5QVT6" failures="0" tests="10" name="MyTestCases" time="186.168" errors="0" timestamp="2024-11-14T19:09:01 GMT+03:00" skipped="0">
  <testcase classname="MyTestCases" name="CheckTheEnglishLanguageIsDefault" time="7.532"/>
  <system-out/>
  <testcase classname="MyTestCases" name="CheckTheDefaultCurrensyIsSAR" time="3.253"/>
  <system-out/>
  <testcase classname="MyTestCases" name="CheckPhoneNambur" time="0.247"/>
  <system-out/>
  <testcase classname="MyTestCases" name="CheckQitafLogo" time="0.262"/>
  <system-out/>
  <testcase classname="MyTestCases" name="CheckHotelTabIsNotSelect" time="0.188"/>
  <system-out/>
  <testcase classname="MyTestCases" name="CheckDepatureDate" time="0.215"/>
  <system-out/>
  <testcase classname="MyTestCases" name="CheckReturnDate" time="0.173"/>
  <system-out/>
  <testcase classname="MyTestCases" name="RandomlyChangeLanguage" time="108.990"/>
  <system-out/>
  <testcase classname="MyTestCases" name="CheckThatThePageIsFullyLoaded" time="0.164"/>
  <system-out/>
  <testcase classname="MyTestCases" name="CheckTheSortOption" time="65.144"/>
  <system-out/>
</testsuite> <!-- MyTestCases -->
